#
# A fatal error has been detected by the Java Runtime Environment:
#
#  EXCEPTION_ACCESS_VIOLATION (0xc0000005) at pc=0x00007ffc690e0332, pid=20196, tid=19332
#
# JRE version: OpenJDK Runtime Environment Temurin-21.0.6+7 (21.0.6+7) (build 21.0.6+7-LTS)
# Java VM: OpenJDK 64-Bit Server VM Temurin-21.0.6+7 (21.0.6+7-LTS, mixed mode, sharing, tiered, compressed oops, compressed class ptrs, g1 gc, windows-amd64)
# Problematic frame:
# V  [jvm.dll+0x440332]
#
# No core dump will be written. Minidumps are not enabled by default on client versions of Windows
#
# If you would like to submit a bug report, please visit:
#   https://github.com/adoptium/adoptium-support/issues
#

---------------  S U M M A R Y ------------

Command Line: --module-path=JavaFX --add-modules=javafx.controls,javafx.fxml -Djava.library.path=javafx-dlls -Dfile.encoding=UTF-8 -Dstdout.encoding=UTF-8 -Dstderr.encoding=UTF-8 --module-path=C:\Users\sandr\Projects\ShoppingCartFX\bin;C:\Users\sandr\.p2\pool\plugins\org.eclipse.fx.ide.css.jfx8_3.11.0.202504150700.jar;C:\Users\sandr\Projects\ShoppingCartFX\lib\javafx.base.jar;C:\Users\sandr\Projects\ShoppingCartFX\lib\javafx.controls.jar;C:\Users\sandr\Projects\ShoppingCartFX\lib\javafx.fxml.jar;C:\Users\sandr\Projects\ShoppingCartFX\lib\javafx.graphics.jar;C:\Users\sandr\Projects\ShoppingCartFX\lib\javafx.media.jar;C:\Users\sandr\Projects\ShoppingCartFX\lib\javafx.swing.jar;C:\Users\sandr\Projects\ShoppingCartFX\lib\javafx.web.jar;C:\Users\sandr\Projects\ShoppingCartFX\lib\javafx-swt.jar;C:\Users\sandr\Projects\ShoppingCartFX\lib\derbyshared.jar;C:\Users\sandr\Projects\ShoppingCartFX\lib\derbyclient.jar;C:\Users\sandr\Projects\ShoppingCartFX\lib\derby.jar;C:\Users\sandr\Projects\ShoppingCartFX\lib\derbytools.jar;C:\Users\sandr\Projects\ShoppingCartFX\lib\derbynet.jar -XX:+ShowCodeDetailsInExceptionMessages -Djdk.module.main=ShoppingCartFX ShoppingCartFX/application.Main

Host: 12th Gen Intel(R) Core(TM) i5-12400F, 12 cores, 15G,  Windows 11 , 64 bit Build 26100 (10.0.26100.4202)
Time: Mon Jun 16 23:37:43 2025 W. Europe Daylight Time elapsed time: 0.302938 seconds (0d 0h 0m 0s)

---------------  T H R E A D  ---------------

Current thread (0x000001c084b3e080):  JavaThread "WindowsNativeRunloopThread"        [_thread_in_vm, id=19332, stack(0x0000004c17c00000,0x0000004c17d00000) (1024K)]

Stack: [0x0000004c17c00000,0x0000004c17d00000],  sp=0x0000004c17cfee20,  free space=1019k
Native frames: (J=compiled Java code, j=interpreted, Vv=VM code, C=native code)
V  [jvm.dll+0x440332]
C  [glass.dll+0x531c]

Java frames: (J=compiled Java code, j=interpreted, Vv=VM code)
j  com.sun.glass.ui.win.WinApplication._runLoop(Ljava/lang/Runnable;)V+0 javafx.graphics@21.0.7
j  com.sun.glass.ui.win.WinApplication.lambda$runLoop$3(ILjava/lang/Runnable;)V+8 javafx.graphics@21.0.7
j  com.sun.glass.ui.win.WinApplication$$Lambda+0x000001c0400311f0.run()V+12 javafx.graphics@21.0.7
j  java.lang.Thread.runWith(Ljava/lang/Object;Ljava/lang/Runnable;)V+5 java.base@21.0.6
j  java.lang.Thread.run()V+19 java.base@21.0.6
v  ~StubRoutines::call_stub 0x000001c02f18100d

siginfo: EXCEPTION_ACCESS_VIOLATION (0xc0000005), reading address 0x0000000000000000


Registers:
RAX=0x0000000000000000, RBX=0x000001c084b3e080, RCX=0x000001c084b3e438, RDX=0x0000004c17cff008
RSP=0x0000004c17cfee20, RBP=0x0000004c17cfef28, RSI=0x0000000000000000, RDI=0x000001c084b3e438
R8 =0x0000000000000000, R9 =0x0000004c17cfef28, R10=0x0000000000000000, R11=0x0000000000000246
R12=0x0000000000000000, R13=0x000001c0804f7d28, R14=0x0000004c17cff008, R15=0x000001c084b3e080
RIP=0x00007ffc690e0332, EFLAGS=0x0000000000010246

XMM[0]=0x0000000000000000 0x0000000000000000
XMM[1]=0x0000000000000000 0x0000000000000000
XMM[2]=0x0000000000000000 0x0000000000000000
XMM[3]=0x0000000000000000 0x0000000000000000
XMM[4]=0x0000000000000000 0x0000000000000000
XMM[5]=0x0000000000000000 0x0000000000000000
XMM[6]=0x0000000000000000 0x0000000000000000
XMM[7]=0x0000000000000000 0x0000000000000000
XMM[8]=0x0000000000000000 0x0000000000000000
XMM[9]=0x0000000000000000 0x0000000000000000
XMM[10]=0x0000000000000000 0x0000000000000000
XMM[11]=0x0000000000000000 0x0000000000000000
XMM[12]=0x0000000000000000 0x0000000000000000
XMM[13]=0x0000000000000000 0x0000000000000000
XMM[14]=0x0000000000000000 0x0000000000000000
XMM[15]=0x0000000000000000 0x0000000000000000
  MXCSR=0x00001fa0


Register to memory mapping:

RAX=0x0 is null
RBX=0x000001c084b3e080 is a thread
RCX=0x000001c084b3e438 points into unknown readable memory: 0x00007ffc698cb7b0 | b0 b7 8c 69 fc 7f 00 00
RDX=0x0000004c17cff008 is pointing into the stack for thread: 0x000001c084b3e080
RSP=0x0000004c17cfee20 is pointing into the stack for thread: 0x000001c084b3e080
RBP=0x0000004c17cfef28 is pointing into the stack for thread: 0x000001c084b3e080
RSI=0x0 is null
RDI=0x000001c084b3e438 points into unknown readable memory: 0x00007ffc698cb7b0 | b0 b7 8c 69 fc 7f 00 00
R8 =0x0 is null
R9 =0x0000004c17cfef28 is pointing into the stack for thread: 0x000001c084b3e080
R10=0x0 is null
R11=0x0000000000000246 is an unknown value
R12=0x0 is null
R13={method} {0x000001c0804f7d30} '_runLoop' '(Ljava/lang/Runnable;)V' in 'com/sun/glass/ui/win/WinApplication'
R14=0x0000004c17cff008 is pointing into the stack for thread: 0x000001c084b3e080
R15=0x000001c084b3e080 is a thread

Top of Stack: (sp=0x0000004c17cfee20)
0x0000004c17cfee20:   00007ffd2be27db0 00007ffd2e912921
0x0000004c17cfee30:   000001c000000004 000001c000000000
0x0000004c17cfee40:   0000000000000000 0000004c17cfee58
0x0000004c17cfee50:   0000000000000000 00007ffd2e912921
0x0000004c17cfee60:   00007ffd2d6ed5e0 0000000000000000
0x0000004c17cfee70:   000001c084b3e080 0000000000000000
0x0000004c17cfee80:   000001c084d8d5e0 00007ffd2c75fdcc
0x0000004c17cfee90:   0000000000000000 00007ffd2d710660
0x0000004c17cfeea0:   000001c084d8d5e0 00007ffd2e119b8f
0x0000004c17cfeeb0:   000001c084b3e080 0000000000000001
0x0000004c17cfeec0:   000001c084b3e080 0000004c17cff010
0x0000004c17cfeed0:   000001c084b3e438 00007ffc93e6531c
0x0000004c17cfeee0:   0000000000000000 0000004c17cfefe8
0x0000004c17cfeef0:   0000004c17cff008 000001c084d8d5e0
0x0000004c17cfef00:   0000004c17cff010 00007ffc93e6a916
0x0000004c17cfef10:   000001c0804f7d28 0000004c17cfefe8
0x0000004c17cfef20:   0000000000000000 0000000000000000
0x0000004c17cfef30:   000001c02f18893e 000001c02f18ccbc
0x0000004c17cfef40:   000001c0804f7d28 000001c0804f7d28
0x0000004c17cfef50:   000001c0804f7d28 0000004c17cff010
0x0000004c17cfef60:   000001c02f18893e 000001c02f18ce4b
0x0000004c17cfef70:   000001c0804f7d28 0000004c17cff610
0x0000004c17cfef80:   3ff0000000000000 000001c084b3e080
0x0000004c17cfef90:   0000004c17cff610 000001c02f18cadf
0x0000004c17cfefa0:   0000004c17cfefa0 000001c0804f7d28
0x0000004c17cfefb0:   0000000000000005 000001c08051e588
0x0000004c17cfefc0:   0000000000000000 0000000711d37b18
0x0000004c17cfefd0:   000001c0804f7d28 0000000000000000
0x0000004c17cfefe0:   0000004c17cff008 0000004c17cff060
0x0000004c17cfeff0:   000001c02f188860 0000000000000000
0x0000004c17cff000:   000001c02f18a3d7 0000000711a4df48
0x0000004c17cff010:   0000000711a44148 0000004c17cff018 

Instructions: (pc=0x00007ffc690e0332)
0x00007ffc690e0232:   48 8b 4b 08 48 8b 43 18 48 89 41 18 48 8b 4b 08
0x00007ffc690e0242:   48 8b 43 20 48 89 41 20 48 8d 8f 98 03 00 00 e8
0x00007ffc690e0252:   ea 5b ed ff 90 c7 87 44 04 00 00 04 00 00 00 48
0x00007ffc690e0262:   81 c4 b8 00 00 00 41 5f 41 5e 5f 5e 5d 5b c3 cc
0x00007ffc690e0272:   cc cc cc cc cc cc cc cc cc cc cc cc cc cc 48 89
0x00007ffc690e0282:   5c 24 08 48 89 6c 24 10 48 89 74 24 18 57 41 56
0x00007ffc690e0292:   41 57 48 81 ec a0 00 00 00 8b 81 b0 00 00 00 48
0x00007ffc690e02a2:   8d 99 48 fc ff ff 05 53 21 ff ff 49 8b e9 49 8b
0x00007ffc690e02b2:   f0 4c 8b f2 48 8b f9 83 f8 01 77 08 48 8b cb e8
0x00007ffc690e02c2:   2a ca fa ff 80 3d b9 57 85 00 00 c7 83 44 04 00
0x00007ffc690e02d2:   00 06 00 00 00 75 06 e8 12 e3 27 00 90 48 8b 83
0x00007ffc690e02e2:   48 04 00 00 a8 01 74 0d 45 33 c0 b2 01 48 8b cb
0x00007ffc690e02f2:   e8 b9 f6 2e 00 8b 83 40 04 00 00 a8 0c 74 08 48
0x00007ffc690e0302:   8b cb e8 97 de fa ff c7 83 44 04 00 00 06 00 00
0x00007ffc690e0312:   00 48 83 7b 08 00 48 89 5c 24 50 48 c7 44 24 58
0x00007ffc690e0322:   00 00 00 00 74 0a 48 8d 4c 24 50 e8 0e ad 2b 00
0x00007ffc690e0332:   48 8b 16 48 8d 4c 24 70 c7 44 24 40 0e 00 00 00
0x00007ffc690e0342:   e8 49 01 01 00 48 8d 44 24 70 48 89 5c 24 30 48
0x00007ffc690e0352:   89 44 24 28 4c 8d 3d 2b f2 5f 00 41 b9 01 00 00
0x00007ffc690e0362:   00 48 89 74 24 20 4d 8b c6 4c 89 7c 24 70 48 8d
0x00007ffc690e0372:   54 24 40 48 89 ac 24 98 00 00 00 48 8b cf e8 bb
0x00007ffc690e0382:   0e 01 00 48 83 7c 24 58 00 4c 89 7c 24 70 48 c7
0x00007ffc690e0392:   84 24 98 00 00 00 00 00 00 00 74 0a 48 8d 4c 24
0x00007ffc690e03a2:   50 e8 18 ad 2b 00 48 8b bb 98 01 00 00 48 8b 47
0x00007ffc690e03b2:   10 48 83 38 00 74 08 48 8b cf e8 bf ed f5 ff 48
0x00007ffc690e03c2:   8b 4f 08 48 8b 47 10 48 89 41 10 48 8b 4f 08 48
0x00007ffc690e03d2:   8b 47 18 48 89 41 18 48 8b 4f 08 48 8b 47 20 48
0x00007ffc690e03e2:   89 41 20 48 8d 8b 98 03 00 00 e8 4f 5a ed ff 4c
0x00007ffc690e03f2:   8d 9c 24 a0 00 00 00 90 49 8b 6b 28 49 8b 73 30
0x00007ffc690e0402:   c7 83 44 04 00 00 04 00 00 00 49 8b 5b 20 49 8b
0x00007ffc690e0412:   e3 41 5f 41 5e 5f c3 cc cc cc cc cc cc cc 48 89
0x00007ffc690e0422:   5c 24 08 48 89 6c 24 10 48 89 74 24 18 48 89 7c 


Stack slot to memory mapping:

stack at sp + 0 slots: 0x00007ffd2be27db0 KERNELBASE.dll
stack at sp + 1 slots: 0x00007ffd2e912921 ntdll.dll
stack at sp + 2 slots: 0x000001c000000004 is an unknown value
stack at sp + 3 slots: 0x000001c000000000 is an unknown value
stack at sp + 4 slots: 0x0 is null
stack at sp + 5 slots: 0x0000004c17cfee58 is pointing into the stack for thread: 0x000001c084b3e080
stack at sp + 6 slots: 0x0 is null
stack at sp + 7 slots: 0x00007ffd2e912921 ntdll.dll


---------------  P R O C E S S  ---------------

Threads class SMR info:
_java_thread_list=0x000001c084974300, length=16, elements={
0x000001c01d2256c0, 0x000001c03ed3e330, 0x000001c03ed3ed80, 0x000001c03ed4e4f0,
0x000001c03ed512f0, 0x000001c03ed524e0, 0x000001c03ed556f0, 0x000001c03ed58ca0,
0x000001c03ed59730, 0x000001c0840a1ba0, 0x000001c084176f50, 0x000001c0841775f0,
0x000001c084af3e60, 0x000001c084175f40, 0x000001c084b385f0, 0x000001c084b3e080
}

Java Threads: ( => current thread )
  0x000001c01d2256c0 JavaThread "main"                              [_thread_blocked, id=18360, stack(0x0000004c16600000,0x0000004c16700000) (1024K)]
  0x000001c03ed3e330 JavaThread "Reference Handler"          daemon [_thread_blocked, id=19120, stack(0x0000004c16e00000,0x0000004c16f00000) (1024K)]
  0x000001c03ed3ed80 JavaThread "Finalizer"                  daemon [_thread_blocked, id=18928, stack(0x0000004c16f00000,0x0000004c17000000) (1024K)]
  0x000001c03ed4e4f0 JavaThread "Signal Dispatcher"          daemon [_thread_blocked, id=18148, stack(0x0000004c17000000,0x0000004c17100000) (1024K)]
  0x000001c03ed512f0 JavaThread "Attach Listener"            daemon [_thread_blocked, id=21520, stack(0x0000004c17100000,0x0000004c17200000) (1024K)]
  0x000001c03ed524e0 JavaThread "Service Thread"             daemon [_thread_blocked, id=20280, stack(0x0000004c17200000,0x0000004c17300000) (1024K)]
  0x000001c03ed556f0 JavaThread "Monitor Deflation Thread"   daemon [_thread_blocked, id=19068, stack(0x0000004c17300000,0x0000004c17400000) (1024K)]
  0x000001c03ed58ca0 JavaThread "C2 CompilerThread0"         daemon [_thread_blocked, id=8984, stack(0x0000004c17400000,0x0000004c17500000) (1024K)]
  0x000001c03ed59730 JavaThread "C1 CompilerThread0"         daemon [_thread_blocked, id=3924, stack(0x0000004c17500000,0x0000004c17600000) (1024K)]
  0x000001c0840a1ba0 JavaThread "Common-Cleaner"             daemon [_thread_blocked, id=10372, stack(0x0000004c17600000,0x0000004c17700000) (1024K)]
  0x000001c084176f50 JavaThread "C2 CompilerThread1"         daemon [_thread_blocked, id=9596, stack(0x0000004c17700000,0x0000004c17800000) (1024K)]
  0x000001c0841775f0 JavaThread "C2 CompilerThread2"         daemon [_thread_blocked, id=11428, stack(0x0000004c17800000,0x0000004c17900000) (1024K)]
  0x000001c084af3e60 JavaThread "Notification Thread"        daemon [_thread_blocked, id=21188, stack(0x0000004c17900000,0x0000004c17a00000) (1024K)]
  0x000001c084175f40 JavaThread "QuantumRenderer-0"          daemon [_thread_blocked, id=14428, stack(0x0000004c17a00000,0x0000004c17b00000) (1024K)]
  0x000001c084b385f0 JavaThread "InvokeLaterDispatcher"      daemon [_thread_blocked, id=20756, stack(0x0000004c17b00000,0x0000004c17c00000) (1024K)]
=>0x000001c084b3e080 JavaThread "WindowsNativeRunloopThread"        [_thread_in_vm, id=19332, stack(0x0000004c17c00000,0x0000004c17d00000) (1024K)]
Total: 16

Other Threads:
  0x000001c03ed1eed0 VMThread "VM Thread"                           [id=16220, stack(0x0000004c16d00000,0x0000004c16e00000) (1024K)]
  0x000001c03ed0c440 WatcherThread "VM Periodic Task Thread"        [id=17104, stack(0x0000004c16c00000,0x0000004c16d00000) (1024K)]
  0x000001c01f5d33b0 WorkerThread "GC Thread#0"                     [id=20000, stack(0x0000004c16700000,0x0000004c16800000) (1024K)]
  0x000001c01f5e40a0 ConcurrentGCThread "G1 Main Marker"            [id=4456, stack(0x0000004c16800000,0x0000004c16900000) (1024K)]
  0x000001c01f5e61c0 WorkerThread "G1 Conc#0"                       [id=22456, stack(0x0000004c16900000,0x0000004c16a00000) (1024K)]
  0x000001c03ebde200 ConcurrentGCThread "G1 Refine#0"               [id=21724, stack(0x0000004c16a00000,0x0000004c16b00000) (1024K)]
  0x000001c03ebdea20 ConcurrentGCThread "G1 Service"                [id=18328, stack(0x0000004c16b00000,0x0000004c16c00000) (1024K)]
Total: 7

Threads with active compile tasks:
Total: 0

VM state: not at safepoint (normal execution)

VM Mutex/Monitor currently owned by a thread: None

Heap address: 0x0000000702e00000, size: 4050 MB, Compressed Oops mode: Zero based, Oop shift amount: 3

CDS archive(s) mapped at: [0x000001c03f000000-0x000001c03fc80000-0x000001c03fc80000), size 13107200, SharedBaseAddress: 0x000001c03f000000, ArchiveRelocationMode: 1.
Compressed class space mapped at: 0x000001c040000000-0x000001c080000000, reserved size: 1073741824
Narrow klass base: 0x000001c03f000000, Narrow klass shift: 0, Narrow klass range: 0x100000000

GC Precious Log:
 CardTable entry size: 512
 Card Set container configuration: InlinePtr #cards 4 size 8 Array Of Cards #cards 16 size 48 Howl #buckets 8 coarsen threshold 3686 Howl Bitmap #cards 512 size 80 coarsen threshold 460 Card regions per heap region 1 cards per card region 4096
 CPUs: 12 total, 12 available
 Memory: 16193M
 Large Page Support: Disabled
 NUMA Support: Disabled
 Compressed Oops: Enabled (Zero based)
 Heap Region Size: 2M
 Heap Min Capacity: 8M
 Heap Initial Capacity: 254M
 Heap Max Capacity: 4050M
 Pre-touch: Disabled
 Parallel Workers: 10
 Concurrent Workers: 3
 Concurrent Refinement Workers: 10
 Periodic GC: Disabled

Heap:
 garbage-first heap   total 260096K, used 16384K [0x0000000702e00000, 0x0000000800000000)
  region size 2048K, 9 young (18432K), 0 survivors (0K)
 Metaspace       used 2790K, committed 2944K, reserved 1114112K
  class space    used 291K, committed 384K, reserved 1048576K

Heap Regions: E=young(eden), S=young(survivor), O=old, HS=humongous(starts), HC=humongous(continues), CS=collection set, F=free, TAMS=top-at-mark-start, PB=parsable bottom
|   0|0x0000000702e00000, 0x0000000702e00000, 0x0000000703000000|  0%| F|  |TAMS 0x0000000702e00000| PB 0x0000000702e00000| Untracked 
|   1|0x0000000703000000, 0x0000000703000000, 0x0000000703200000|  0%| F|  |TAMS 0x0000000703000000| PB 0x0000000703000000| Untracked 
|   2|0x0000000703200000, 0x0000000703200000, 0x0000000703400000|  0%| F|  |TAMS 0x0000000703200000| PB 0x0000000703200000| Untracked 
|   3|0x0000000703400000, 0x0000000703400000, 0x0000000703600000|  0%| F|  |TAMS 0x0000000703400000| PB 0x0000000703400000| Untracked 
|   4|0x0000000703600000, 0x0000000703600000, 0x0000000703800000|  0%| F|  |TAMS 0x0000000703600000| PB 0x0000000703600000| Untracked 
|   5|0x0000000703800000, 0x0000000703800000, 0x0000000703a00000|  0%| F|  |TAMS 0x0000000703800000| PB 0x0000000703800000| Untracked 
|   6|0x0000000703a00000, 0x0000000703a00000, 0x0000000703c00000|  0%| F|  |TAMS 0x0000000703a00000| PB 0x0000000703a00000| Untracked 
|   7|0x0000000703c00000, 0x0000000703c00000, 0x0000000703e00000|  0%| F|  |TAMS 0x0000000703c00000| PB 0x0000000703c00000| Untracked 
|   8|0x0000000703e00000, 0x0000000703e00000, 0x0000000704000000|  0%| F|  |TAMS 0x0000000703e00000| PB 0x0000000703e00000| Untracked 
|   9|0x0000000704000000, 0x0000000704000000, 0x0000000704200000|  0%| F|  |TAMS 0x0000000704000000| PB 0x0000000704000000| Untracked 
|  10|0x0000000704200000, 0x0000000704200000, 0x0000000704400000|  0%| F|  |TAMS 0x0000000704200000| PB 0x0000000704200000| Untracked 
|  11|0x0000000704400000, 0x0000000704400000, 0x0000000704600000|  0%| F|  |TAMS 0x0000000704400000| PB 0x0000000704400000| Untracked 
|  12|0x0000000704600000, 0x0000000704600000, 0x0000000704800000|  0%| F|  |TAMS 0x0000000704600000| PB 0x0000000704600000| Untracked 
|  13|0x0000000704800000, 0x0000000704800000, 0x0000000704a00000|  0%| F|  |TAMS 0x0000000704800000| PB 0x0000000704800000| Untracked 
|  14|0x0000000704a00000, 0x0000000704a00000, 0x0000000704c00000|  0%| F|  |TAMS 0x0000000704a00000| PB 0x0000000704a00000| Untracked 
|  15|0x0000000704c00000, 0x0000000704c00000, 0x0000000704e00000|  0%| F|  |TAMS 0x0000000704c00000| PB 0x0000000704c00000| Untracked 
|  16|0x0000000704e00000, 0x0000000704e00000, 0x0000000705000000|  0%| F|  |TAMS 0x0000000704e00000| PB 0x0000000704e00000| Untracked 
|  17|0x0000000705000000, 0x0000000705000000, 0x0000000705200000|  0%| F|  |TAMS 0x0000000705000000| PB 0x0000000705000000| Untracked 
|  18|0x0000000705200000, 0x0000000705200000, 0x0000000705400000|  0%| F|  |TAMS 0x0000000705200000| PB 0x0000000705200000| Untracked 
|  19|0x0000000705400000, 0x0000000705400000, 0x0000000705600000|  0%| F|  |TAMS 0x0000000705400000| PB 0x0000000705400000| Untracked 
|  20|0x0000000705600000, 0x0000000705600000, 0x0000000705800000|  0%| F|  |TAMS 0x0000000705600000| PB 0x0000000705600000| Untracked 
|  21|0x0000000705800000, 0x0000000705800000, 0x0000000705a00000|  0%| F|  |TAMS 0x0000000705800000| PB 0x0000000705800000| Untracked 
|  22|0x0000000705a00000, 0x0000000705a00000, 0x0000000705c00000|  0%| F|  |TAMS 0x0000000705a00000| PB 0x0000000705a00000| Untracked 
|  23|0x0000000705c00000, 0x0000000705c00000, 0x0000000705e00000|  0%| F|  |TAMS 0x0000000705c00000| PB 0x0000000705c00000| Untracked 
|  24|0x0000000705e00000, 0x0000000705e00000, 0x0000000706000000|  0%| F|  |TAMS 0x0000000705e00000| PB 0x0000000705e00000| Untracked 
|  25|0x0000000706000000, 0x0000000706000000, 0x0000000706200000|  0%| F|  |TAMS 0x0000000706000000| PB 0x0000000706000000| Untracked 
|  26|0x0000000706200000, 0x0000000706200000, 0x0000000706400000|  0%| F|  |TAMS 0x0000000706200000| PB 0x0000000706200000| Untracked 
|  27|0x0000000706400000, 0x0000000706400000, 0x0000000706600000|  0%| F|  |TAMS 0x0000000706400000| PB 0x0000000706400000| Untracked 
|  28|0x0000000706600000, 0x0000000706600000, 0x0000000706800000|  0%| F|  |TAMS 0x0000000706600000| PB 0x0000000706600000| Untracked 
|  29|0x0000000706800000, 0x0000000706800000, 0x0000000706a00000|  0%| F|  |TAMS 0x0000000706800000| PB 0x0000000706800000| Untracked 
|  30|0x0000000706a00000, 0x0000000706a00000, 0x0000000706c00000|  0%| F|  |TAMS 0x0000000706a00000| PB 0x0000000706a00000| Untracked 
|  31|0x0000000706c00000, 0x0000000706c00000, 0x0000000706e00000|  0%| F|  |TAMS 0x0000000706c00000| PB 0x0000000706c00000| Untracked 
|  32|0x0000000706e00000, 0x0000000706e00000, 0x0000000707000000|  0%| F|  |TAMS 0x0000000706e00000| PB 0x0000000706e00000| Untracked 
|  33|0x0000000707000000, 0x0000000707000000, 0x0000000707200000|  0%| F|  |TAMS 0x0000000707000000| PB 0x0000000707000000| Untracked 
|  34|0x0000000707200000, 0x0000000707200000, 0x0000000707400000|  0%| F|  |TAMS 0x0000000707200000| PB 0x0000000707200000| Untracked 
|  35|0x0000000707400000, 0x0000000707400000, 0x0000000707600000|  0%| F|  |TAMS 0x0000000707400000| PB 0x0000000707400000| Untracked 
|  36|0x0000000707600000, 0x0000000707600000, 0x0000000707800000|  0%| F|  |TAMS 0x0000000707600000| PB 0x0000000707600000| Untracked 
|  37|0x0000000707800000, 0x0000000707800000, 0x0000000707a00000|  0%| F|  |TAMS 0x0000000707800000| PB 0x0000000707800000| Untracked 
|  38|0x0000000707a00000, 0x0000000707a00000, 0x0000000707c00000|  0%| F|  |TAMS 0x0000000707a00000| PB 0x0000000707a00000| Untracked 
|  39|0x0000000707c00000, 0x0000000707c00000, 0x0000000707e00000|  0%| F|  |TAMS 0x0000000707c00000| PB 0x0000000707c00000| Untracked 
|  40|0x0000000707e00000, 0x0000000707e00000, 0x0000000708000000|  0%| F|  |TAMS 0x0000000707e00000| PB 0x0000000707e00000| Untracked 
|  41|0x0000000708000000, 0x0000000708000000, 0x0000000708200000|  0%| F|  |TAMS 0x0000000708000000| PB 0x0000000708000000| Untracked 
|  42|0x0000000708200000, 0x0000000708200000, 0x0000000708400000|  0%| F|  |TAMS 0x0000000708200000| PB 0x0000000708200000| Untracked 
|  43|0x0000000708400000, 0x0000000708400000, 0x0000000708600000|  0%| F|  |TAMS 0x0000000708400000| PB 0x0000000708400000| Untracked 
|  44|0x0000000708600000, 0x0000000708600000, 0x0000000708800000|  0%| F|  |TAMS 0x0000000708600000| PB 0x0000000708600000| Untracked 
|  45|0x0000000708800000, 0x0000000708800000, 0x0000000708a00000|  0%| F|  |TAMS 0x0000000708800000| PB 0x0000000708800000| Untracked 
|  46|0x0000000708a00000, 0x0000000708a00000, 0x0000000708c00000|  0%| F|  |TAMS 0x0000000708a00000| PB 0x0000000708a00000| Untracked 
|  47|0x0000000708c00000, 0x0000000708c00000, 0x0000000708e00000|  0%| F|  |TAMS 0x0000000708c00000| PB 0x0000000708c00000| Untracked 
|  48|0x0000000708e00000, 0x0000000708e00000, 0x0000000709000000|  0%| F|  |TAMS 0x0000000708e00000| PB 0x0000000708e00000| Untracked 
|  49|0x0000000709000000, 0x0000000709000000, 0x0000000709200000|  0%| F|  |TAMS 0x0000000709000000| PB 0x0000000709000000| Untracked 
|  50|0x0000000709200000, 0x0000000709200000, 0x0000000709400000|  0%| F|  |TAMS 0x0000000709200000| PB 0x0000000709200000| Untracked 
|  51|0x0000000709400000, 0x0000000709400000, 0x0000000709600000|  0%| F|  |TAMS 0x0000000709400000| PB 0x0000000709400000| Untracked 
|  52|0x0000000709600000, 0x0000000709600000, 0x0000000709800000|  0%| F|  |TAMS 0x0000000709600000| PB 0x0000000709600000| Untracked 
|  53|0x0000000709800000, 0x0000000709800000, 0x0000000709a00000|  0%| F|  |TAMS 0x0000000709800000| PB 0x0000000709800000| Untracked 
|  54|0x0000000709a00000, 0x0000000709a00000, 0x0000000709c00000|  0%| F|  |TAMS 0x0000000709a00000| PB 0x0000000709a00000| Untracked 
|  55|0x0000000709c00000, 0x0000000709c00000, 0x0000000709e00000|  0%| F|  |TAMS 0x0000000709c00000| PB 0x0000000709c00000| Untracked 
|  56|0x0000000709e00000, 0x0000000709e00000, 0x000000070a000000|  0%| F|  |TAMS 0x0000000709e00000| PB 0x0000000709e00000| Untracked 
|  57|0x000000070a000000, 0x000000070a000000, 0x000000070a200000|  0%| F|  |TAMS 0x000000070a000000| PB 0x000000070a000000| Untracked 
|  58|0x000000070a200000, 0x000000070a200000, 0x000000070a400000|  0%| F|  |TAMS 0x000000070a200000| PB 0x000000070a200000| Untracked 
|  59|0x000000070a400000, 0x000000070a400000, 0x000000070a600000|  0%| F|  |TAMS 0x000000070a400000| PB 0x000000070a400000| Untracked 
|  60|0x000000070a600000, 0x000000070a600000, 0x000000070a800000|  0%| F|  |TAMS 0x000000070a600000| PB 0x000000070a600000| Untracked 
|  61|0x000000070a800000, 0x000000070a800000, 0x000000070aa00000|  0%| F|  |TAMS 0x000000070a800000| PB 0x000000070a800000| Untracked 
|  62|0x000000070aa00000, 0x000000070aa00000, 0x000000070ac00000|  0%| F|  |TAMS 0x000000070aa00000| PB 0x000000070aa00000| Untracked 
|  63|0x000000070ac00000, 0x000000070ac00000, 0x000000070ae00000|  0%| F|  |TAMS 0x000000070ac00000| PB 0x000000070ac00000| Untracked 
|  64|0x000000070ae00000, 0x000000070ae00000, 0x000000070b000000|  0%| F|  |TAMS 0x000000070ae00000| PB 0x000000070ae00000| Untracked 
|  65|0x000000070b000000, 0x000000070b000000, 0x000000070b200000|  0%| F|  |TAMS 0x000000070b000000| PB 0x000000070b000000| Untracked 
|  66|0x000000070b200000, 0x000000070b200000, 0x000000070b400000|  0%| F|  |TAMS 0x000000070b200000| PB 0x000000070b200000| Untracked 
|  67|0x000000070b400000, 0x000000070b400000, 0x000000070b600000|  0%| F|  |TAMS 0x000000070b400000| PB 0x000000070b400000| Untracked 
|  68|0x000000070b600000, 0x000000070b600000, 0x000000070b800000|  0%| F|  |TAMS 0x000000070b600000| PB 0x000000070b600000| Untracked 
|  69|0x000000070b800000, 0x000000070b800000, 0x000000070ba00000|  0%| F|  |TAMS 0x000000070b800000| PB 0x000000070b800000| Untracked 
|  70|0x000000070ba00000, 0x000000070ba00000, 0x000000070bc00000|  0%| F|  |TAMS 0x000000070ba00000| PB 0x000000070ba00000| Untracked 
|  71|0x000000070bc00000, 0x000000070bc00000, 0x000000070be00000|  0%| F|  |TAMS 0x000000070bc00000| PB 0x000000070bc00000| Untracked 
|  72|0x000000070be00000, 0x000000070be00000, 0x000000070c000000|  0%| F|  |TAMS 0x000000070be00000| PB 0x000000070be00000| Untracked 
|  73|0x000000070c000000, 0x000000070c000000, 0x000000070c200000|  0%| F|  |TAMS 0x000000070c000000| PB 0x000000070c000000| Untracked 
|  74|0x000000070c200000, 0x000000070c200000, 0x000000070c400000|  0%| F|  |TAMS 0x000000070c200000| PB 0x000000070c200000| Untracked 
|  75|0x000000070c400000, 0x000000070c400000, 0x000000070c600000|  0%| F|  |TAMS 0x000000070c400000| PB 0x000000070c400000| Untracked 
|  76|0x000000070c600000, 0x000000070c600000, 0x000000070c800000|  0%| F|  |TAMS 0x000000070c600000| PB 0x000000070c600000| Untracked 
|  77|0x000000070c800000, 0x000000070c800000, 0x000000070ca00000|  0%| F|  |TAMS 0x000000070c800000| PB 0x000000070c800000| Untracked 
|  78|0x000000070ca00000, 0x000000070ca00000, 0x000000070cc00000|  0%| F|  |TAMS 0x000000070ca00000| PB 0x000000070ca00000| Untracked 
|  79|0x000000070cc00000, 0x000000070cc00000, 0x000000070ce00000|  0%| F|  |TAMS 0x000000070cc00000| PB 0x000000070cc00000| Untracked 
|  80|0x000000070ce00000, 0x000000070ce00000, 0x000000070d000000|  0%| F|  |TAMS 0x000000070ce00000| PB 0x000000070ce00000| Untracked 
|  81|0x000000070d000000, 0x000000070d000000, 0x000000070d200000|  0%| F|  |TAMS 0x000000070d000000| PB 0x000000070d000000| Untracked 
|  82|0x000000070d200000, 0x000000070d200000, 0x000000070d400000|  0%| F|  |TAMS 0x000000070d200000| PB 0x000000070d200000| Untracked 
|  83|0x000000070d400000, 0x000000070d400000, 0x000000070d600000|  0%| F|  |TAMS 0x000000070d400000| PB 0x000000070d400000| Untracked 
|  84|0x000000070d600000, 0x000000070d600000, 0x000000070d800000|  0%| F|  |TAMS 0x000000070d600000| PB 0x000000070d600000| Untracked 
|  85|0x000000070d800000, 0x000000070d800000, 0x000000070da00000|  0%| F|  |TAMS 0x000000070d800000| PB 0x000000070d800000| Untracked 
|  86|0x000000070da00000, 0x000000070da00000, 0x000000070dc00000|  0%| F|  |TAMS 0x000000070da00000| PB 0x000000070da00000| Untracked 
|  87|0x000000070dc00000, 0x000000070dc00000, 0x000000070de00000|  0%| F|  |TAMS 0x000000070dc00000| PB 0x000000070dc00000| Untracked 
|  88|0x000000070de00000, 0x000000070de00000, 0x000000070e000000|  0%| F|  |TAMS 0x000000070de00000| PB 0x000000070de00000| Untracked 
|  89|0x000000070e000000, 0x000000070e000000, 0x000000070e200000|  0%| F|  |TAMS 0x000000070e000000| PB 0x000000070e000000| Untracked 
|  90|0x000000070e200000, 0x000000070e200000, 0x000000070e400000|  0%| F|  |TAMS 0x000000070e200000| PB 0x000000070e200000| Untracked 
|  91|0x000000070e400000, 0x000000070e400000, 0x000000070e600000|  0%| F|  |TAMS 0x000000070e400000| PB 0x000000070e400000| Untracked 
|  92|0x000000070e600000, 0x000000070e600000, 0x000000070e800000|  0%| F|  |TAMS 0x000000070e600000| PB 0x000000070e600000| Untracked 
|  93|0x000000070e800000, 0x000000070e800000, 0x000000070ea00000|  0%| F|  |TAMS 0x000000070e800000| PB 0x000000070e800000| Untracked 
|  94|0x000000070ea00000, 0x000000070ea00000, 0x000000070ec00000|  0%| F|  |TAMS 0x000000070ea00000| PB 0x000000070ea00000| Untracked 
|  95|0x000000070ec00000, 0x000000070ec00000, 0x000000070ee00000|  0%| F|  |TAMS 0x000000070ec00000| PB 0x000000070ec00000| Untracked 
|  96|0x000000070ee00000, 0x000000070ee00000, 0x000000070f000000|  0%| F|  |TAMS 0x000000070ee00000| PB 0x000000070ee00000| Untracked 
|  97|0x000000070f000000, 0x000000070f000000, 0x000000070f200000|  0%| F|  |TAMS 0x000000070f000000| PB 0x000000070f000000| Untracked 
|  98|0x000000070f200000, 0x000000070f200000, 0x000000070f400000|  0%| F|  |TAMS 0x000000070f200000| PB 0x000000070f200000| Untracked 
|  99|0x000000070f400000, 0x000000070f400000, 0x000000070f600000|  0%| F|  |TAMS 0x000000070f400000| PB 0x000000070f400000| Untracked 
| 100|0x000000070f600000, 0x000000070f600000, 0x000000070f800000|  0%| F|  |TAMS 0x000000070f600000| PB 0x000000070f600000| Untracked 
| 101|0x000000070f800000, 0x000000070f800000, 0x000000070fa00000|  0%| F|  |TAMS 0x000000070f800000| PB 0x000000070f800000| Untracked 
| 102|0x000000070fa00000, 0x000000070fa00000, 0x000000070fc00000|  0%| F|  |TAMS 0x000000070fa00000| PB 0x000000070fa00000| Untracked 
| 103|0x000000070fc00000, 0x000000070fc00000, 0x000000070fe00000|  0%| F|  |TAMS 0x000000070fc00000| PB 0x000000070fc00000| Untracked 
| 104|0x000000070fe00000, 0x000000070fe00000, 0x0000000710000000|  0%| F|  |TAMS 0x000000070fe00000| PB 0x000000070fe00000| Untracked 
| 105|0x0000000710000000, 0x0000000710000000, 0x0000000710200000|  0%| F|  |TAMS 0x0000000710000000| PB 0x0000000710000000| Untracked 
| 106|0x0000000710200000, 0x0000000710200000, 0x0000000710400000|  0%| F|  |TAMS 0x0000000710200000| PB 0x0000000710200000| Untracked 
| 107|0x0000000710400000, 0x0000000710400000, 0x0000000710600000|  0%| F|  |TAMS 0x0000000710400000| PB 0x0000000710400000| Untracked 
| 108|0x0000000710600000, 0x0000000710600000, 0x0000000710800000|  0%| F|  |TAMS 0x0000000710600000| PB 0x0000000710600000| Untracked 
| 109|0x0000000710800000, 0x0000000710800000, 0x0000000710a00000|  0%| F|  |TAMS 0x0000000710800000| PB 0x0000000710800000| Untracked 
| 110|0x0000000710a00000, 0x0000000710a00000, 0x0000000710c00000|  0%| F|  |TAMS 0x0000000710a00000| PB 0x0000000710a00000| Untracked 
| 111|0x0000000710c00000, 0x0000000710c00000, 0x0000000710e00000|  0%| F|  |TAMS 0x0000000710c00000| PB 0x0000000710c00000| Untracked 
| 112|0x0000000710e00000, 0x0000000710e00000, 0x0000000711000000|  0%| F|  |TAMS 0x0000000710e00000| PB 0x0000000710e00000| Untracked 
| 113|0x0000000711000000, 0x0000000711000000, 0x0000000711200000|  0%| F|  |TAMS 0x0000000711000000| PB 0x0000000711000000| Untracked 
| 114|0x0000000711200000, 0x0000000711200000, 0x0000000711400000|  0%| F|  |TAMS 0x0000000711200000| PB 0x0000000711200000| Untracked 
| 115|0x0000000711400000, 0x0000000711400000, 0x0000000711600000|  0%| F|  |TAMS 0x0000000711400000| PB 0x0000000711400000| Untracked 
| 116|0x0000000711600000, 0x0000000711600000, 0x0000000711800000|  0%| F|  |TAMS 0x0000000711600000| PB 0x0000000711600000| Untracked 
| 117|0x0000000711800000, 0x0000000711800000, 0x0000000711a00000|  0%| F|  |TAMS 0x0000000711800000| PB 0x0000000711800000| Untracked 
| 118|0x0000000711a00000, 0x0000000711b5a908, 0x0000000711c00000| 67%| E|  |TAMS 0x0000000711a00000| PB 0x0000000711a00000| Complete 
| 119|0x0000000711c00000, 0x0000000711e00000, 0x0000000711e00000|100%| E|CS|TAMS 0x0000000711c00000| PB 0x0000000711c00000| Complete 
| 120|0x0000000711e00000, 0x0000000712000000, 0x0000000712000000|100%| E|CS|TAMS 0x0000000711e00000| PB 0x0000000711e00000| Complete 
| 121|0x0000000712000000, 0x0000000712200000, 0x0000000712200000|100%| E|CS|TAMS 0x0000000712000000| PB 0x0000000712000000| Complete 
| 122|0x0000000712200000, 0x0000000712400000, 0x0000000712400000|100%| E|CS|TAMS 0x0000000712200000| PB 0x0000000712200000| Complete 
| 123|0x0000000712400000, 0x0000000712600000, 0x0000000712600000|100%| E|CS|TAMS 0x0000000712400000| PB 0x0000000712400000| Complete 
| 124|0x0000000712600000, 0x0000000712800000, 0x0000000712800000|100%| E|CS|TAMS 0x0000000712600000| PB 0x0000000712600000| Complete 
| 125|0x0000000712800000, 0x0000000712a00000, 0x0000000712a00000|100%| E|CS|TAMS 0x0000000712800000| PB 0x0000000712800000| Complete 
| 126|0x0000000712a00000, 0x0000000712c00000, 0x0000000712c00000|100%| E|CS|TAMS 0x0000000712a00000| PB 0x0000000712a00000| Complete 

Card table byte_map: [0x000001c037990000,0x000001c038180000] _byte_map_base: 0x000001c034179000

Marking Bits: (CMBitMap*) 0x000001c01f5d3ab0
 Bits: [0x000001c038180000, 0x000001c03c0c8000)

Polling page: 0x000001c01d3e0000

Metaspace:

Usage:
  Non-class:      2.44 MB used.
      Class:    291.55 KB used.
       Both:      2.73 MB used.

Virtual space:
  Non-class space:       64.00 MB reserved,       2.50 MB (  4%) committed,  1 nodes.
      Class space:        1.00 GB reserved,     384.00 KB ( <1%) committed,  1 nodes.
             Both:        1.06 GB reserved,       2.88 MB ( <1%) committed. 

Chunk freelists:
   Non-Class:  10.83 MB
       Class:  15.54 MB
        Both:  26.37 MB

MaxMetaspaceSize: unlimited
CompressedClassSpaceSize: 1.00 GB
Initial GC threshold: 21.00 MB
Current GC threshold: 21.00 MB
CDS: on
 - commit_granule_bytes: 65536.
 - commit_granule_words: 8192.
 - virtual_space_node_default_size: 8388608.
 - enlarge_chunks_in_place: 1.
 - use_allocation_guard: 0.


Internal statistics:

num_allocs_failed_limit: 0.
num_arena_births: 112.
num_arena_deaths: 0.
num_vsnodes_births: 2.
num_vsnodes_deaths: 0.
num_space_committed: 46.
num_space_uncommitted: 0.
num_chunks_returned_to_freelist: 0.
num_chunks_taken_from_freelist: 184.
num_chunk_merges: 0.
num_chunk_splits: 123.
num_chunks_enlarged: 77.
num_inconsistent_stats: 0.

CodeHeap 'non-profiled nmethods': size=120000Kb used=291Kb max_used=291Kb free=119708Kb
 bounds [0x000001c02f720000, 0x000001c02f990000, 0x000001c036c50000]
CodeHeap 'profiled nmethods': size=120000Kb used=1125Kb max_used=1125Kb free=118874Kb
 bounds [0x000001c027c50000, 0x000001c027ec0000, 0x000001c02f180000]
CodeHeap 'non-nmethods': size=5760Kb used=1369Kb max_used=1383Kb free=4390Kb
 bounds [0x000001c02f180000, 0x000001c02f3f0000, 0x000001c02f720000]
 total_blobs=1279 nmethods=808 adapters=376
 compilation: enabled
              stopped_count=0, restarted_count=0
 full_count=0

Compilation events (20 events):
Event: 0.281 Thread 0x000001c03ed59730  796       3       jdk.internal.org.objectweb.asm.Label::<init> (5 bytes)
Event: 0.281 Thread 0x000001c03ed59730 nmethod 796 0x000001c027d64890 code [0x000001c027d64a40, 0x000001c027d64ba8]
Event: 0.281 Thread 0x000001c03ed59730  795       3       java.lang.invoke.MemberName::getType (19 bytes)
Event: 0.281 Thread 0x000001c03ed59730 nmethod 795 0x000001c027d64c90 code [0x000001c027d64e60, 0x000001c027d65150]
Event: 0.282 Thread 0x000001c03ed59730  798       3       java.lang.invoke.MethodTypeForm::cachedLambdaForm (23 bytes)
Event: 0.282 Thread 0x000001c03ed59730 nmethod 798 0x000001c027d65290 code [0x000001c027d65460, 0x000001c027d657b8]
Event: 0.282 Thread 0x000001c03ed59730  802       3       sun.invoke.util.Wrapper::forBasicType (103 bytes)
Event: 0.282 Thread 0x000001c03ed59730 nmethod 802 0x000001c027d65910 code [0x000001c027d65b20, 0x000001c027d65fe8]
Event: 0.282 Thread 0x000001c03ed59730  804       3       sun.invoke.util.BytecodeDescriptor::unparseSig (49 bytes)
Event: 0.283 Thread 0x000001c03ed59730 nmethod 804 0x000001c027d66090 code [0x000001c027d662c0, 0x000001c027d66728]
Event: 0.283 Thread 0x000001c03ed59730  803       3       jdk.internal.org.objectweb.asm.Type::getTypeInternal (218 bytes)
Event: 0.283 Thread 0x000001c03ed59730 nmethod 803 0x000001c027d66990 code [0x000001c027d66ce0, 0x000001c027d67f60]
Event: 0.283 Thread 0x000001c03ed59730  806       3       jdk.internal.org.objectweb.asm.MethodWriter::visitInsn (115 bytes)
Event: 0.284 Thread 0x000001c03ed59730 nmethod 806 0x000001c027d68590 code [0x000001c027d68780, 0x000001c027d68b78]
Event: 0.284 Thread 0x000001c03ed59730  807       3       java.lang.Enum::equals (11 bytes)
Event: 0.284 Thread 0x000001c03ed59730 nmethod 807 0x000001c027d68d10 code [0x000001c027d68ea0, 0x000001c027d69000]
Event: 0.284 Thread 0x000001c084176f50  808       4       java.lang.AbstractStringBuilder::ensureCapacityInternal (39 bytes)
Event: 0.285 Thread 0x000001c03ed59730  809       3       java.nio.Buffer::position (52 bytes)
Event: 0.285 Thread 0x000001c03ed59730 nmethod 809 0x000001c027d69090 code [0x000001c027d69240, 0x000001c027d69498]
Event: 0.286 Thread 0x000001c084176f50 nmethod 808 0x000001c02f768590 code [0x000001c02f768740, 0x000001c02f768c28]

GC Heap History (0 events):
No events

Dll operation events (20 events):
Event: 0.194 Loaded shared library C:\Users\sandr\Projects\ShoppingCartFX\javafx-dlls\api-ms-win-crt-filesystem-l1-1-0.dll
Event: 0.195 Loaded shared library C:\Users\sandr\Projects\ShoppingCartFX\javafx-dlls\api-ms-win-crt-heap-l1-1-0.dll
Event: 0.196 Loaded shared library C:\Users\sandr\Projects\ShoppingCartFX\javafx-dlls\api-ms-win-crt-locale-l1-1-0.dll
Event: 0.197 Loaded shared library C:\Users\sandr\Projects\ShoppingCartFX\javafx-dlls\api-ms-win-crt-math-l1-1-0.dll
Event: 0.198 Loaded shared library C:\Users\sandr\Projects\ShoppingCartFX\javafx-dlls\api-ms-win-crt-multibyte-l1-1-0.dll
Event: 0.199 Loaded shared library C:\Users\sandr\Projects\ShoppingCartFX\javafx-dlls\api-ms-win-crt-private-l1-1-0.dll
Event: 0.201 Loaded shared library C:\Users\sandr\Projects\ShoppingCartFX\javafx-dlls\api-ms-win-crt-process-l1-1-0.dll
Event: 0.202 Loaded shared library C:\Users\sandr\Projects\ShoppingCartFX\javafx-dlls\api-ms-win-crt-runtime-l1-1-0.dll
Event: 0.203 Loaded shared library C:\Users\sandr\Projects\ShoppingCartFX\javafx-dlls\api-ms-win-crt-stdio-l1-1-0.dll
Event: 0.204 Loaded shared library C:\Users\sandr\Projects\ShoppingCartFX\javafx-dlls\api-ms-win-crt-string-l1-1-0.dll
Event: 0.205 Loaded shared library C:\Users\sandr\Projects\ShoppingCartFX\javafx-dlls\api-ms-win-crt-time-l1-1-0.dll
Event: 0.206 Loaded shared library C:\Users\sandr\Projects\ShoppingCartFX\javafx-dlls\api-ms-win-crt-utility-l1-1-0.dll
Event: 0.207 Loaded shared library C:\Users\sandr\Projects\ShoppingCartFX\javafx-dlls\ucrtbase.dll
Event: 0.208 Loaded shared library C:\Users\sandr\Projects\ShoppingCartFX\javafx-dlls\vcruntime140.dll
Event: 0.209 Loaded shared library C:\Users\sandr\Projects\ShoppingCartFX\javafx-dlls\vcruntime140_1.dll
Event: 0.210 Loaded shared library C:\Users\sandr\Projects\ShoppingCartFX\javafx-dlls\msvcp140.dll
Event: 0.212 Loaded shared library C:\Users\sandr\Projects\ShoppingCartFX\javafx-dlls\msvcp140_1.dll
Event: 0.213 Loaded shared library C:\Users\sandr\Projects\ShoppingCartFX\javafx-dlls\msvcp140_2.dll
Event: 0.238 Loaded shared library C:\Users\sandr\Projects\ShoppingCartFX\javafx-dlls\prism_d3d.dll
Event: 0.278 Loaded shared library C:\Users\sandr\Projects\ShoppingCartFX\javafx-dlls\glass.dll

Deoptimization events (20 events):
Event: 0.128 Thread 0x000001c01d2256c0 Uncommon trap: trap_request=0xffffff45 fr.pc=0x000001c02f72958c relative=0x000000000000006c
Event: 0.128 Thread 0x000001c01d2256c0 Uncommon trap: reason=unstable_if action=reinterpret pc=0x000001c02f72958c method=java.lang.String.isLatin1()Z @ 10 c2
Event: 0.128 Thread 0x000001c01d2256c0 DEOPT PACKING pc=0x000001c02f72958c sp=0x0000004c166fe3d0
Event: 0.128 Thread 0x000001c01d2256c0 DEOPT UNPACKING pc=0x000001c02f1d46a2 sp=0x0000004c166fe360 mode 2
Event: 0.128 Thread 0x000001c01d2256c0 Uncommon trap: trap_request=0xffffff45 fr.pc=0x000001c02f729ee4 relative=0x00000000000000c4
Event: 0.128 Thread 0x000001c01d2256c0 Uncommon trap: reason=unstable_if action=reinterpret pc=0x000001c02f729ee4 method=java.lang.String.isLatin1()Z @ 10 c2
Event: 0.128 Thread 0x000001c01d2256c0 DEOPT PACKING pc=0x000001c02f729ee4 sp=0x0000004c166fee20
Event: 0.128 Thread 0x000001c01d2256c0 DEOPT UNPACKING pc=0x000001c02f1d46a2 sp=0x0000004c166fed60 mode 2
Event: 0.137 Thread 0x000001c01d2256c0 Uncommon trap: trap_request=0xffffff45 fr.pc=0x000001c02f746efc relative=0x0000000000000dfc
Event: 0.137 Thread 0x000001c01d2256c0 Uncommon trap: reason=unstable_if action=reinterpret pc=0x000001c02f746efc method=java.util.HashMap.putVal(ILjava/lang/Object;Ljava/lang/Object;ZZ)Ljava/lang/Object; @ 81 c2
Event: 0.137 Thread 0x000001c01d2256c0 DEOPT PACKING pc=0x000001c02f746efc sp=0x0000004c166fec00
Event: 0.137 Thread 0x000001c01d2256c0 DEOPT UNPACKING pc=0x000001c02f1d46a2 sp=0x0000004c166febb0 mode 2
Event: 0.170 Thread 0x000001c01d2256c0 Uncommon trap: trap_request=0xffffff45 fr.pc=0x000001c02f74a538 relative=0x0000000000001d78
Event: 0.170 Thread 0x000001c01d2256c0 Uncommon trap: reason=unstable_if action=reinterpret pc=0x000001c02f74a538 method=jdk.internal.module.Checks.isJavaIdentifier(Ljava/lang/String;)Z @ 4 c2
Event: 0.170 Thread 0x000001c01d2256c0 DEOPT PACKING pc=0x000001c02f74a538 sp=0x0000004c166fe810
Event: 0.170 Thread 0x000001c01d2256c0 DEOPT UNPACKING pc=0x000001c02f1d46a2 sp=0x0000004c166fe778 mode 2
Event: 0.171 Thread 0x000001c01d2256c0 Uncommon trap: trap_request=0xffffff45 fr.pc=0x000001c02f739208 relative=0x0000000000000708
Event: 0.171 Thread 0x000001c01d2256c0 Uncommon trap: reason=unstable_if action=reinterpret pc=0x000001c02f739208 method=jdk.internal.module.Checks.isJavaIdentifier(Ljava/lang/String;)Z @ 4 c2
Event: 0.171 Thread 0x000001c01d2256c0 DEOPT PACKING pc=0x000001c02f739208 sp=0x0000004c166fe7c0
Event: 0.171 Thread 0x000001c01d2256c0 DEOPT UNPACKING pc=0x000001c02f1d46a2 sp=0x0000004c166fe768 mode 2

Classes loaded (20 events):
Event: 0.275 Loading class java/lang/ProcessEnvironment$EntryComparator
Event: 0.275 Loading class java/lang/ProcessEnvironment$EntryComparator done
Event: 0.275 Loading class java/lang/ProcessEnvironment$CheckedEntrySet
Event: 0.276 Loading class java/lang/ProcessEnvironment$CheckedEntrySet done
Event: 0.276 Loading class java/lang/ProcessEnvironment$CheckedEntrySet$1
Event: 0.276 Loading class java/lang/ProcessEnvironment$CheckedEntrySet$1 done
Event: 0.276 Loading class java/lang/ProcessEnvironment$CheckedEntry
Event: 0.276 Loading class java/lang/ProcessEnvironment$CheckedEntry done
Event: 0.278 Loading class java/lang/Throwable$WrappedPrintStream
Event: 0.278 Loading class java/lang/Throwable$PrintStreamOrWriter
Event: 0.278 Loading class java/lang/Throwable$PrintStreamOrWriter done
Event: 0.278 Loading class java/lang/Throwable$WrappedPrintStream done
Event: 0.279 Loading class java/lang/StackTraceElement$HashedModules
Event: 0.279 Loading class java/lang/StackTraceElement$HashedModules done
Event: 0.280 Loading class java/util/concurrent/BlockingDeque
Event: 0.280 Loading class java/util/concurrent/BlockingDeque done
Event: 0.280 Loading class java/util/concurrent/LinkedBlockingDeque
Event: 0.280 Loading class java/util/concurrent/LinkedBlockingDeque done
Event: 0.285 Loading class java/lang/NumberFormatException
Event: 0.285 Loading class java/lang/NumberFormatException done

Classes unloaded (0 events):
No events

Classes redefined (0 events):
No events

Internal exceptions (12 events):
Event: 0.053 Thread 0x000001c01d2256c0 Exception <a 'java/lang/NoSuchMethodError'{0x0000000712876b00}: 'void java.lang.invoke.DirectMethodHandle$Holder.invokeVirtual(java.lang.Object, java.lang.Object)'> (0x0000000712876b00) 
thrown [s\src\hotspot\share\interpreter\linkResolver.cpp, line 773]
Event: 0.054 Thread 0x000001c01d2256c0 Exception <a 'java/lang/NoSuchMethodError'{0x0000000712882040}: 'java.lang.Object java.lang.invoke.DirectMethodHandle$Holder.invokeInterface(java.lang.Object, java.lang.Object, java.lang.Object)'> (0x0000000712882040) 
thrown [s\src\hotspot\share\interpreter\linkResolver.cpp, line 773]
Event: 0.110 Thread 0x000001c01d2256c0 Exception <a 'java/lang/NoSuchMethodError'{0x00000007125a0aa8}: 'void java.lang.invoke.DirectMethodHandle$Holder.invokeSpecial(java.lang.Object, java.lang.Object, java.lang.Object)'> (0x00000007125a0aa8) 
thrown [s\src\hotspot\share\interpreter\linkResolver.cpp, line 773]
Event: 0.136 Thread 0x000001c01d2256c0 Exception <a 'java/lang/NoSuchMethodError'{0x0000000712099850}: 'void java.lang.invoke.DirectMethodHandle$Holder.invokeStatic(java.lang.Object, java.lang.Object, java.lang.Object, java.lang.Object)'> (0x0000000712099850) 
thrown [s\src\hotspot\share\interpreter\linkResolver.cpp, line 773]
Event: 0.137 Thread 0x000001c01d2256c0 Exception <a 'java/lang/NoSuchMethodError'{0x000000071209d568}: 'void java.lang.invoke.DirectMethodHandle$Holder.invokeSpecial(java.lang.Object, java.lang.Object, java.lang.Object, java.lang.Object, java.lang.Object)'> (0x000000071209d568) 
thrown [s\src\hotspot\share\interpreter\linkResolver.cpp, line 773]
Event: 0.139 Thread 0x000001c01d2256c0 Exception <a 'java/lang/NoSuchMethodError'{0x00000007120b4cb8}: 'java.lang.Object java.lang.invoke.Invokers$Holder.invokeExact_MT(java.lang.Object, java.lang.Object, java.lang.Object, java.lang.Object, java.lang.Object, java.lang.Object)'> (0x00000007120b4cb8) 
thrown [s\src\hotspot\share\interpreter\linkResolver.cpp, line 773]
Event: 0.142 Thread 0x000001c01d2256c0 Exception <a 'java/lang/NoSuchMethodError'{0x00000007120c7708}: 'void java.lang.invoke.DirectMethodHandle$Holder.invokeStatic(java.lang.Object, java.lang.Object)'> (0x00000007120c7708) 
thrown [s\src\hotspot\share\interpreter\linkResolver.cpp, line 773]
Event: 0.233 Thread 0x000001c01d2256c0 Exception <a 'java/lang/NoSuchMethodError'{0x0000000711ce4218}: 'void java.lang.invoke.DirectMethodHandle$Holder.invokeStatic(java.lang.Object, java.lang.Object, java.lang.Object)'> (0x0000000711ce4218) 
thrown [s\src\hotspot\share\interpreter\linkResolver.cpp, line 773]
Event: 0.269 Thread 0x000001c01d2256c0 Exception <a 'java/lang/NoSuchMethodError'{0x0000000711d05040}: 'int java.lang.invoke.DirectMethodHandle$Holder.invokeStaticInit(java.lang.Object, java.lang.Object, java.lang.Object)'> (0x0000000711d05040) 
thrown [s\src\hotspot\share\interpreter\linkResolver.cpp, line 773]
Event: 0.278 Thread 0x000001c01d2256c0 Exception <a 'java/lang/NoSuchMethodError'{0x0000000711a3fd60}: notifyPreferencesChanged> (0x0000000711a3fd60) 
thrown [s\src\hotspot\share\prims\jni.cpp, line 1077]
Event: 0.282 Thread 0x000001c01d2256c0 Exception <a 'java/lang/NoSuchMethodError'{0x0000000711a55980}: 'java.lang.Object java.lang.invoke.DirectMethodHandle$Holder.newInvokeSpecial(java.lang.Object, java.lang.Object, int, java.lang.Object)'> (0x0000000711a55980) 
thrown [s\src\hotspot\share\interpreter\linkResolver.cpp, line 773]
Event: 0.282 Thread 0x000001c01d2256c0 Exception <a 'java/lang/NoSuchMethodError'{0x0000000711a59bc8}: 'java.lang.Object java.lang.invoke.DirectMethodHandle$Holder.invokeSpecial(java.lang.Object, java.lang.Object, java.lang.Object, int, java.lang.Object)'> (0x0000000711a59bc8) 
thrown [s\src\hotspot\share\interpreter\linkResolver.cpp, line 773]

ZGC Phase Switch (0 events):
No events

VM Operations (6 events):
Event: 0.068 Executing VM operation: HandshakeAllThreads (Deoptimize)
Event: 0.068 Executing VM operation: HandshakeAllThreads (Deoptimize) done
Event: 0.119 Executing VM operation: HandshakeAllThreads (Deoptimize)
Event: 0.119 Executing VM operation: HandshakeAllThreads (Deoptimize) done
Event: 0.275 Executing VM operation: HandshakeAllThreads (Deoptimize)
Event: 0.275 Executing VM operation: HandshakeAllThreads (Deoptimize) done

Memory protections (0 events):
No events

Nmethod flushes (0 events):
No events

Events (16 events):
Event: 0.019 Thread 0x000001c01d2256c0 Thread added: 0x000001c01d2256c0
Event: 0.027 Thread 0x000001c01d2256c0 Thread added: 0x000001c03ed3e330
Event: 0.027 Thread 0x000001c01d2256c0 Thread added: 0x000001c03ed3ed80
Event: 0.027 Thread 0x000001c01d2256c0 Thread added: 0x000001c03ed4e4f0
Event: 0.027 Thread 0x000001c01d2256c0 Thread added: 0x000001c03ed512f0
Event: 0.027 Thread 0x000001c01d2256c0 Thread added: 0x000001c03ed524e0
Event: 0.027 Thread 0x000001c01d2256c0 Thread added: 0x000001c03ed556f0
Event: 0.027 Thread 0x000001c01d2256c0 Thread added: 0x000001c03ed58ca0
Event: 0.027 Thread 0x000001c01d2256c0 Thread added: 0x000001c03ed59730
Event: 0.039 Thread 0x000001c01d2256c0 Thread added: 0x000001c0840a1ba0
Event: 0.086 Thread 0x000001c03ed59730 Thread added: 0x000001c084176f50
Event: 0.087 Thread 0x000001c03ed58ca0 Thread added: 0x000001c0841775f0
Event: 0.128 Thread 0x000001c01d2256c0 Thread added: 0x000001c084af3e60
Event: 0.234 Thread 0x000001c01d2256c0 Thread added: 0x000001c084175f40
Event: 0.280 Thread 0x000001c01d2256c0 Thread added: 0x000001c084b385f0
Event: 0.283 Thread 0x000001c01d2256c0 Thread added: 0x000001c084b3e080


Dynamic libraries:
0x00007ff74a2d0000 - 0x00007ff74a2de000 	C:\Program Files\Eclipse Adoptium\jdk-21.0.6.7-hotspot\bin\javaw.exe
0x00007ffd2e860000 - 0x00007ffd2eac5000 	C:\WINDOWS\SYSTEM32\ntdll.dll
0x00007ffd2d990000 - 0x00007ffd2da59000 	C:\WINDOWS\System32\KERNEL32.DLL
0x00007ffd2bd20000 - 0x00007ffd2c108000 	C:\WINDOWS\System32\KERNELBASE.dll
0x00007ffd2c4b0000 - 0x00007ffd2c5fb000 	C:\WINDOWS\System32\ucrtbase.dll
0x00007ffd13750000 - 0x00007ffd1376e000 	C:\Program Files\Eclipse Adoptium\jdk-21.0.6.7-hotspot\bin\VCRUNTIME140.dll
0x00007ffd13520000 - 0x00007ffd13538000 	C:\Program Files\Eclipse Adoptium\jdk-21.0.6.7-hotspot\bin\jli.dll
0x00007ffd2c710000 - 0x00007ffd2c8da000 	C:\WINDOWS\System32\USER32.dll
0x00007ffd173d0000 - 0x00007ffd1766a000 	C:\WINDOWS\WinSxS\amd64_microsoft.windows.common-controls_6595b64144ccf1df_6.0.26100.4202_none_3e0698d4e335f517\COMCTL32.dll
0x00007ffd2c110000 - 0x00007ffd2c137000 	C:\WINDOWS\System32\win32u.dll
0x00007ffd2d0e0000 - 0x00007ffd2d189000 	C:\WINDOWS\System32\msvcrt.dll
0x00007ffd2df30000 - 0x00007ffd2df5b000 	C:\WINDOWS\System32\GDI32.dll
0x00007ffd2bbe0000 - 0x00007ffd2bd17000 	C:\WINDOWS\System32\gdi32full.dll
0x00007ffd2bb30000 - 0x00007ffd2bbd3000 	C:\WINDOWS\System32\msvcp_win.dll
0x00007ffd2e7e0000 - 0x00007ffd2e810000 	C:\WINDOWS\System32\IMM32.DLL
0x00007ffd28a40000 - 0x00007ffd28a4c000 	C:\Program Files\Eclipse Adoptium\jdk-21.0.6.7-hotspot\bin\vcruntime140_1.dll
0x00007ffc93fe0000 - 0x00007ffc9406d000 	C:\Program Files\Eclipse Adoptium\jdk-21.0.6.7-hotspot\bin\msvcp140.dll
0x00007ffc68ca0000 - 0x00007ffc69a30000 	C:\Program Files\Eclipse Adoptium\jdk-21.0.6.7-hotspot\bin\server\jvm.dll
0x00007ffd2d400000 - 0x00007ffd2d4b3000 	C:\WINDOWS\System32\ADVAPI32.dll
0x00007ffd2e6b0000 - 0x00007ffd2e756000 	C:\WINDOWS\System32\sechost.dll
0x00007ffd2e3b0000 - 0x00007ffd2e4c5000 	C:\WINDOWS\System32\RPCRT4.dll
0x00007ffd2e530000 - 0x00007ffd2e5a4000 	C:\WINDOWS\System32\WS2_32.dll
0x00007ffd212a0000 - 0x00007ffd212d5000 	C:\WINDOWS\SYSTEM32\WINMM.dll
0x00007ffd2b100000 - 0x00007ffd2b15e000 	C:\WINDOWS\SYSTEM32\POWRPROF.dll
0x00007ffd20c40000 - 0x00007ffd20c4b000 	C:\WINDOWS\SYSTEM32\VERSION.dll
0x00007ffd2b090000 - 0x00007ffd2b0a4000 	C:\WINDOWS\SYSTEM32\UMPDC.dll
0x00007ffd2a740000 - 0x00007ffd2a75b000 	C:\WINDOWS\SYSTEM32\kernel.appcore.dll
0x00007ffd1b710000 - 0x00007ffd1b71a000 	C:\Program Files\Eclipse Adoptium\jdk-21.0.6.7-hotspot\bin\jimage.dll
0x00007ffd1ecf0000 - 0x00007ffd1ef31000 	C:\WINDOWS\SYSTEM32\DBGHELP.DLL
0x00007ffd2e010000 - 0x00007ffd2e395000 	C:\WINDOWS\System32\combase.dll
0x00007ffd2d4c0000 - 0x00007ffd2d5a1000 	C:\WINDOWS\System32\OLEAUT32.dll
0x00007ffd16f10000 - 0x00007ffd16f49000 	C:\WINDOWS\SYSTEM32\dbgcore.DLL
0x00007ffd2c410000 - 0x00007ffd2c4a9000 	C:\WINDOWS\System32\bcryptPrimitives.dll
0x00007ffd131c0000 - 0x00007ffd131df000 	C:\Program Files\Eclipse Adoptium\jdk-21.0.6.7-hotspot\bin\java.dll
0x00007ffd2c990000 - 0x00007ffd2d0d2000 	C:\WINDOWS\System32\SHELL32.dll
0x00007ffd2b9b0000 - 0x00007ffd2bb24000 	C:\WINDOWS\System32\wintypes.dll
0x00007ffd295f0000 - 0x00007ffd29e48000 	C:\WINDOWS\SYSTEM32\windows.storage.dll
0x00007ffd2e5b0000 - 0x00007ffd2e6a1000 	C:\WINDOWS\System32\SHCORE.dll
0x00007ffd2d190000 - 0x00007ffd2d1fa000 	C:\WINDOWS\System32\shlwapi.dll
0x00007ffd2b8c0000 - 0x00007ffd2b8ef000 	C:\WINDOWS\SYSTEM32\profapi.dll
0x00007ffc6f550000 - 0x00007ffc6f627000 	C:\Program Files\Eclipse Adoptium\jdk-21.0.6.7-hotspot\bin\jsvml.dll
0x00007ffd137c0000 - 0x00007ffd137d0000 	C:\Program Files\Eclipse Adoptium\jdk-21.0.6.7-hotspot\bin\net.dll
0x00007ffd20d50000 - 0x00007ffd20e6e000 	C:\WINDOWS\SYSTEM32\WINHTTP.dll
0x00007ffd2ace0000 - 0x00007ffd2ad4a000 	C:\WINDOWS\system32\mswsock.dll
0x00007ffd09e80000 - 0x00007ffd09e96000 	C:\Program Files\Eclipse Adoptium\jdk-21.0.6.7-hotspot\bin\nio.dll
0x00007ffd084b0000 - 0x00007ffd084c8000 	C:\Program Files\Eclipse Adoptium\jdk-21.0.6.7-hotspot\bin\zip.dll
0x000001c01f510000 - 0x000001c01f514000 	C:\Users\sandr\Projects\ShoppingCartFX\javafx-dlls\api-ms-win-core-console-l1-1-0.dll
0x000001c01f520000 - 0x000001c01f524000 	C:\Users\sandr\Projects\ShoppingCartFX\javafx-dlls\api-ms-win-core-console-l1-2-0.dll
0x000001c03ed80000 - 0x000001c03ed84000 	C:\Users\sandr\Projects\ShoppingCartFX\javafx-dlls\api-ms-win-core-datetime-l1-1-0.dll
0x000001c03ed90000 - 0x000001c03ed94000 	C:\Users\sandr\Projects\ShoppingCartFX\javafx-dlls\api-ms-win-core-debug-l1-1-0.dll
0x000001c03eda0000 - 0x000001c03eda4000 	C:\Users\sandr\Projects\ShoppingCartFX\javafx-dlls\api-ms-win-core-errorhandling-l1-1-0.dll
0x000001c03edb0000 - 0x000001c03edb5000 	C:\Users\sandr\Projects\ShoppingCartFX\javafx-dlls\api-ms-win-core-file-l1-1-0.dll
0x000001c03edc0000 - 0x000001c03edc4000 	C:\Users\sandr\Projects\ShoppingCartFX\javafx-dlls\api-ms-win-core-file-l1-2-0.dll
0x000001c03edd0000 - 0x000001c03edd4000 	C:\Users\sandr\Projects\ShoppingCartFX\javafx-dlls\api-ms-win-core-file-l2-1-0.dll
0x000001c03ede0000 - 0x000001c03ede4000 	C:\Users\sandr\Projects\ShoppingCartFX\javafx-dlls\api-ms-win-core-handle-l1-1-0.dll
0x000001c03edf0000 - 0x000001c03edf4000 	C:\Users\sandr\Projects\ShoppingCartFX\javafx-dlls\api-ms-win-core-heap-l1-1-0.dll
0x000001c03ee00000 - 0x000001c03ee04000 	C:\Users\sandr\Projects\ShoppingCartFX\javafx-dlls\api-ms-win-core-interlocked-l1-1-0.dll
0x000001c03ee10000 - 0x000001c03ee14000 	C:\Users\sandr\Projects\ShoppingCartFX\javafx-dlls\api-ms-win-core-libraryloader-l1-1-0.dll
0x000001c03ee20000 - 0x000001c03ee24000 	C:\Users\sandr\Projects\ShoppingCartFX\javafx-dlls\api-ms-win-core-localization-l1-2-0.dll
0x000001c03ee30000 - 0x000001c03ee34000 	C:\Users\sandr\Projects\ShoppingCartFX\javafx-dlls\api-ms-win-core-memory-l1-1-0.dll
0x000001c03ee40000 - 0x000001c03ee44000 	C:\Users\sandr\Projects\ShoppingCartFX\javafx-dlls\api-ms-win-core-namedpipe-l1-1-0.dll
0x000001c03ee50000 - 0x000001c03ee54000 	C:\Users\sandr\Projects\ShoppingCartFX\javafx-dlls\api-ms-win-core-processenvironment-l1-1-0.dll
0x000001c03ee60000 - 0x000001c03ee64000 	C:\Users\sandr\Projects\ShoppingCartFX\javafx-dlls\api-ms-win-core-processthreads-l1-1-0.dll
0x000001c03ee70000 - 0x000001c03ee74000 	C:\Users\sandr\Projects\ShoppingCartFX\javafx-dlls\api-ms-win-core-processthreads-l1-1-1.dll
0x000001c03ee80000 - 0x000001c03ee84000 	C:\Users\sandr\Projects\ShoppingCartFX\javafx-dlls\api-ms-win-core-profile-l1-1-0.dll
0x000001c03ee90000 - 0x000001c03ee94000 	C:\Users\sandr\Projects\ShoppingCartFX\javafx-dlls\api-ms-win-core-rtlsupport-l1-1-0.dll
0x000001c03eea0000 - 0x000001c03eea4000 	C:\Users\sandr\Projects\ShoppingCartFX\javafx-dlls\api-ms-win-core-string-l1-1-0.dll
0x000001c03eeb0000 - 0x000001c03eeb4000 	C:\Users\sandr\Projects\ShoppingCartFX\javafx-dlls\api-ms-win-core-synch-l1-1-0.dll
0x000001c03eec0000 - 0x000001c03eec4000 	C:\Users\sandr\Projects\ShoppingCartFX\javafx-dlls\api-ms-win-core-synch-l1-2-0.dll
0x000001c03eed0000 - 0x000001c03eed4000 	C:\Users\sandr\Projects\ShoppingCartFX\javafx-dlls\api-ms-win-core-sysinfo-l1-1-0.dll
0x000001c03eee0000 - 0x000001c03eee4000 	C:\Users\sandr\Projects\ShoppingCartFX\javafx-dlls\api-ms-win-core-timezone-l1-1-0.dll
0x000001c03eef0000 - 0x000001c03eef4000 	C:\Users\sandr\Projects\ShoppingCartFX\javafx-dlls\api-ms-win-core-util-l1-1-0.dll
0x000001c03ef00000 - 0x000001c03ef04000 	C:\Users\sandr\Projects\ShoppingCartFX\javafx-dlls\api-ms-win-crt-conio-l1-1-0.dll
0x000001c03ef10000 - 0x000001c03ef15000 	C:\Users\sandr\Projects\ShoppingCartFX\javafx-dlls\api-ms-win-crt-convert-l1-1-0.dll
0x000001c03ef20000 - 0x000001c03ef24000 	C:\Users\sandr\Projects\ShoppingCartFX\javafx-dlls\api-ms-win-crt-environment-l1-1-0.dll
0x000001c03ef30000 - 0x000001c03ef34000 	C:\Users\sandr\Projects\ShoppingCartFX\javafx-dlls\api-ms-win-crt-filesystem-l1-1-0.dll
0x000001c03ef40000 - 0x000001c03ef44000 	C:\Users\sandr\Projects\ShoppingCartFX\javafx-dlls\api-ms-win-crt-heap-l1-1-0.dll
0x000001c03ef50000 - 0x000001c03ef54000 	C:\Users\sandr\Projects\ShoppingCartFX\javafx-dlls\api-ms-win-crt-locale-l1-1-0.dll
0x000001c03ef60000 - 0x000001c03ef66000 	C:\Users\sandr\Projects\ShoppingCartFX\javafx-dlls\api-ms-win-crt-math-l1-1-0.dll
0x000001c03ef70000 - 0x000001c03ef76000 	C:\Users\sandr\Projects\ShoppingCartFX\javafx-dlls\api-ms-win-crt-multibyte-l1-1-0.dll
0x000001c03ef80000 - 0x000001c03ef91000 	C:\Users\sandr\Projects\ShoppingCartFX\javafx-dlls\api-ms-win-crt-private-l1-1-0.dll
0x000001c03efa0000 - 0x000001c03efa4000 	C:\Users\sandr\Projects\ShoppingCartFX\javafx-dlls\api-ms-win-crt-process-l1-1-0.dll
0x000001c03efb0000 - 0x000001c03efb5000 	C:\Users\sandr\Projects\ShoppingCartFX\javafx-dlls\api-ms-win-crt-runtime-l1-1-0.dll
0x000001c03efc0000 - 0x000001c03efc5000 	C:\Users\sandr\Projects\ShoppingCartFX\javafx-dlls\api-ms-win-crt-stdio-l1-1-0.dll
0x000001c03efd0000 - 0x000001c03efd5000 	C:\Users\sandr\Projects\ShoppingCartFX\javafx-dlls\api-ms-win-crt-string-l1-1-0.dll
0x000001c03efe0000 - 0x000001c03efe4000 	C:\Users\sandr\Projects\ShoppingCartFX\javafx-dlls\api-ms-win-crt-time-l1-1-0.dll
0x000001c03eff0000 - 0x000001c03eff4000 	C:\Users\sandr\Projects\ShoppingCartFX\javafx-dlls\api-ms-win-crt-utility-l1-1-0.dll
0x00007ffc6f430000 - 0x00007ffc6f541000 	C:\Users\sandr\Projects\ShoppingCartFX\javafx-dlls\ucrtbase.dll
0x00007ffd00d60000 - 0x00007ffd00d7b000 	C:\Users\sandr\Projects\ShoppingCartFX\javafx-dlls\vcruntime140.dll
0x00007ffd13740000 - 0x00007ffd1374c000 	C:\Users\sandr\Projects\ShoppingCartFX\javafx-dlls\vcruntime140_1.dll
0x00007ffc91ad0000 - 0x00007ffc91b5e000 	C:\Users\sandr\Projects\ShoppingCartFX\javafx-dlls\msvcp140.dll
0x00007ffd131b0000 - 0x00007ffd131b9000 	C:\Users\sandr\Projects\ShoppingCartFX\javafx-dlls\msvcp140_1.dll
0x00007ffccbd40000 - 0x00007ffccbd81000 	C:\Users\sandr\Projects\ShoppingCartFX\javafx-dlls\msvcp140_2.dll
0x00007ffcff370000 - 0x00007ffcff3a0000 	C:\Users\sandr\Projects\ShoppingCartFX\javafx-dlls\prism_d3d.dll
0x00007ffd02090000 - 0x00007ffd02247000 	C:\WINDOWS\system32\d3d9.dll
0x00007ffd28f50000 - 0x00007ffd28f86000 	C:\WINDOWS\SYSTEM32\dwmapi.dll
0x00007ffd28d10000 - 0x00007ffd28d5d000 	C:\WINDOWS\SYSTEM32\dxcore.dll
0x00007ffd28c10000 - 0x00007ffd28cbf000 	C:\WINDOWS\system32\uxtheme.dll
0x00007ffcc3f80000 - 0x00007ffcc3fa0000 	C:\WINDOWS\System32\DriverStore\FileRepository\u0413647.inf_amd64_d320f14af0da075c\B413137\atidx9loader64.dll
0x00007ffcc0180000 - 0x00007ffcc3f74000 	C:\WINDOWS\System32\DriverStore\FileRepository\u0413647.inf_amd64_d320f14af0da075c\B413137\AMDXN64.DLL
0x00007ffd2d600000 - 0x00007ffd2d79e000 	C:\WINDOWS\System32\ole32.dll
0x00007ffd2da90000 - 0x00007ffd2df16000 	C:\WINDOWS\System32\SETUPAPI.dll
0x00007ffd28df0000 - 0x00007ffd28f25000 	C:\WINDOWS\SYSTEM32\dxgi.dll
0x00007ffd28d80000 - 0x00007ffd28de1000 	C:\WINDOWS\SYSTEM32\directxdatabasehelper.dll
0x00007ffd2b610000 - 0x00007ffd2b667000 	C:\WINDOWS\SYSTEM32\cfgmgr32.dll
0x00007ffd2b890000 - 0x00007ffd2b8b6000 	C:\WINDOWS\SYSTEM32\BCrypt.dll
0x00007ffd20900000 - 0x00007ffd2093b000 	C:\WINDOWS\System32\DriverStore\FileRepository\u0413647.inf_amd64_d320f14af0da075c\B413137\amdihk64.dll
0x00007ffc93e60000 - 0x00007ffc93ea8000 	C:\Users\sandr\Projects\ShoppingCartFX\javafx-dlls\glass.dll
0x00007ffd2c610000 - 0x00007ffd2c706000 	C:\WINDOWS\System32\COMDLG32.dll
0x00007ffd2df60000 - 0x00007ffd2e008000 	C:\WINDOWS\System32\clbcatq.dll
0x00007ffd1be60000 - 0x00007ffd1bfb7000 	C:\Windows\System32\Windows.UI.dll
0x00007ffd0b230000 - 0x00007ffd0b2f4000 	C:\Windows\System32\Windows.Networking.Connectivity.dll
0x00007ffd205d0000 - 0x00007ffd2080a000 	C:\Windows\System32\twinapi.appcore.dll
0x00007ffd2d200000 - 0x00007ffd2d360000 	C:\WINDOWS\System32\MSCTF.dll

dbghelp: loaded successfully - version: 4.0.5 - missing functions: none
symbol engine: initialized successfully - sym options: 0x614 - pdb path: .;C:\Program Files\Eclipse Adoptium\jdk-21.0.6.7-hotspot\bin;C:\WINDOWS\SYSTEM32;C:\WINDOWS\WinSxS\amd64_microsoft.windows.common-controls_6595b64144ccf1df_6.0.26100.4202_none_3e0698d4e335f517;C:\Program Files\Eclipse Adoptium\jdk-21.0.6.7-hotspot\bin\server;C:\Users\sandr\Projects\ShoppingCartFX\javafx-dlls;C:\WINDOWS\System32\DriverStore\FileRepository\u0413647.inf_amd64_d320f14af0da075c\B413137

VM Arguments:
jvm_args: --module-path=JavaFX --add-modules=javafx.controls,javafx.fxml -Djava.library.path=javafx-dlls -Dfile.encoding=UTF-8 -Dstdout.encoding=UTF-8 -Dstderr.encoding=UTF-8 --module-path=C:\Users\sandr\Projects\ShoppingCartFX\bin;C:\Users\sandr\.p2\pool\plugins\org.eclipse.fx.ide.css.jfx8_3.11.0.202504150700.jar;C:\Users\sandr\Projects\ShoppingCartFX\lib\javafx.base.jar;C:\Users\sandr\Projects\ShoppingCartFX\lib\javafx.controls.jar;C:\Users\sandr\Projects\ShoppingCartFX\lib\javafx.fxml.jar;C:\Users\sandr\Projects\ShoppingCartFX\lib\javafx.graphics.jar;C:\Users\sandr\Projects\ShoppingCartFX\lib\javafx.media.jar;C:\Users\sandr\Projects\ShoppingCartFX\lib\javafx.swing.jar;C:\Users\sandr\Projects\ShoppingCartFX\lib\javafx.web.jar;C:\Users\sandr\Projects\ShoppingCartFX\lib\javafx-swt.jar;C:\Users\sandr\Projects\ShoppingCartFX\lib\derbyshared.jar;C:\Users\sandr\Projects\ShoppingCartFX\lib\derbyclient.jar;C:\Users\sandr\Projects\ShoppingCartFX\lib\derby.jar;C:\Users\sandr\Projects\ShoppingCartFX\lib\derbytools.jar;C:\Users\sandr\Projects\ShoppingCartFX\lib\derbynet.jar -XX:+ShowCodeDetailsInExceptionMessages -Djdk.module.main=ShoppingCartFX 
java_command: ShoppingCartFX/application.Main
java_class_path (initial): <not set>
Launcher Type: SUN_STANDARD

[Global flags]
     intx CICompilerCount                          = 4                                         {product} {ergonomic}
     uint ConcGCThreads                            = 3                                         {product} {ergonomic}
     uint G1ConcRefinementThreads                  = 10                                        {product} {ergonomic}
   size_t G1HeapRegionSize                         = 2097152                                   {product} {ergonomic}
    uintx GCDrainStackTargetSize                   = 64                                        {product} {ergonomic}
   size_t InitialHeapSize                          = 266338304                                 {product} {ergonomic}
   size_t MarkStackSize                            = 4194304                                   {product} {ergonomic}
   size_t MaxHeapSize                              = 4246732800                                {product} {ergonomic}
   size_t MaxNewSize                               = 2548039680                                {product} {ergonomic}
   size_t MinHeapDeltaBytes                        = 2097152                                   {product} {ergonomic}
   size_t MinHeapSize                              = 8388608                                   {product} {ergonomic}
    uintx NonNMethodCodeHeapSize                   = 5839372                                {pd product} {ergonomic}
    uintx NonProfiledCodeHeapSize                  = 122909434                              {pd product} {ergonomic}
    uintx ProfiledCodeHeapSize                     = 122909434                              {pd product} {ergonomic}
    uintx ReservedCodeCacheSize                    = 251658240                              {pd product} {ergonomic}
     bool SegmentedCodeCache                       = true                                      {product} {ergonomic}
     bool ShowCodeDetailsInExceptionMessages       = true                                   {manageable} {command line}
   size_t SoftMaxHeapSize                          = 4246732800                             {manageable} {ergonomic}
     bool UseCompressedOops                        = true                           {product lp64_product} {ergonomic}
     bool UseG1GC                                  = true                                      {product} {ergonomic}
     bool UseLargePagesIndividualAllocation        = false                                  {pd product} {ergonomic}

Logging:
Log output configuration:
 #0: stdout all=warning uptime,level,tags foldmultilines=false
 #1: stderr all=off uptime,level,tags foldmultilines=false

Environment Variables:
JAVA_HOME=C:\Program Files\Eclipse Adoptium\jdk-21.0.6.7-hotspot\
PATH=C:/Users/sandr/.p2/pool/plugins/org.eclipse.justj.openjdk.hotspot.jre.full.win32.x86_64_23.0.1.v20241024-1700/jre/bin/server;C:/Users/sandr/.p2/pool/plugins/org.eclipse.justj.openjdk.hotspot.jre.full.win32.x86_64_23.0.1.v20241024-1700/jre/bin;C:\Program Files\ImageMagick-7.1.1-Q16-HDRI;C:\Program Files\Eclipse Adoptium\jdk-21.0.6.7-hotspot\bin;C:\WINDOWS\system32;C:\WINDOWS;C:\WINDOWS\System32\Wbem;C:\WINDOWS\System32\WindowsPowerShell\v1.0\;C:\WINDOWS\System32\OpenSSH\;C:\Program Files\NVIDIA Corporation\NVIDIA NvDLISR;C:\Program Files (x86)\NVIDIA Corporation\PhysX\Common;C:\Program Files\dotnet\;C:\Program Files\Calibre2\;C:\Program Files\Eclipse Adoptium\jdk-21.0.6.7-hotspot\\bin;C:\Program Files\Process Lasso\;C:\Program Files\Git\cmd;C:\Users\sandr\AppData\Local\Microsoft\WindowsApps;C:\Users\sandr\AppData\Local\Muse Hub\lib;C:\Users\sandr\eclipse\java-2024-09\eclipse;
USERNAME=sandr
OS=Windows_NT
PROCESSOR_IDENTIFIER=Intel64 Family 6 Model 151 Stepping 5, GenuineIntel
TMP=C:\Users\sandr\AppData\Local\Temp
TEMP=C:\Users\sandr\AppData\Local\Temp




Periodic native trim disabled

---------------  S Y S T E M  ---------------

OS:
 Windows 11 , 64 bit Build 26100 (10.0.26100.4202)
OS uptime: 0 days 13:46 hours
Hyper-V role detected

CPU: total 12 (initial active 12) (6 cores per cpu, 2 threads per core) family 6 model 151 stepping 5 microcode 0x34, cx8, cmov, fxsr, ht, mmx, 3dnowpref, sse, sse2, sse3, ssse3, sse4.1, sse4.2, popcnt, lzcnt, tsc, tscinvbit, avx, avx2, aes, erms, clmul, bmi1, bmi2, adx, sha, fma, vzeroupper, clflush, clflushopt, clwb, hv, serialize, rdtscp, rdpid, fsrm, f16c, cet_ibt, cet_ss
Processor Information for the first 12 processors :
  Max Mhz: 2500, Current Mhz: 2500, Mhz Limit: 2500

Memory: 4k page, system-wide physical 16193M (2859M free)
TotalPageFile size 32577M (AvailPageFile size 10333M)
current process WorkingSet (physical memory assigned to process): 82M, peak: 82M
current process commit charge ("private bytes"): 362M, peak: 362M

vm_info: OpenJDK 64-Bit Server VM (21.0.6+7-LTS) for windows-amd64 JRE (21.0.6+7-LTS), built on 2025-01-21T00:00:00Z by "admin" with MS VC++ 17.7 (VS2022)

END.
